09/03/2023	11:11:08	55a0e430-5030-43d0-9ff5-7ab1ca3d6351	GET	/	undefined}09/03/2023	11:11:16	f8a709c4-6736-4bdd-8d29-bf60f9467aa6	GET	/	undefined}09/03/2023	11:11:45	ed377ae2-62e4-4e48-842f-c0e084038bbe	GET	/	undefined
}09/03/2023	11:11:55	371f9e06-dcf3-463f-b0a3-c0ff5aa51673	GET	/	undefined
}09/03/2023	11:11:57	37bdcaee-173d-43e5-bccb-b8d7cd9dc4d0	GET	/	undefined
}09/03/2023	11:11:58	87b2706f-2f21-4480-bc82-8af0fdc9d48f	GET	/	undefined
}09/03/2023	11:12:00	07817933-2065-4d24-ad03-51d6d569e0ab	GET	/	undefined
}09/03/2023	11:13:13	5b646451-58d2-4e04-ad55-fc2889d11369	GET	/	undefined
09/03/2023	11:13:18	fc44288a-2fe2-417b-83e7-c1760cc245ff	GET	/	undefined
09/03/2023	11:13:21	24f3d087-0c98-4054-850c-7bbbda92ffb0	GET	/	undefined
09/03/2023	11:20:26	5263f39d-44ce-4345-81f1-db5f119ea98d	GET	/	undefined
09/03/2023	11:20:29	558288d7-ac5e-435b-8c90-28734e1583ef	GET	/sd	undefined
10/03/2023	16:38:16	b4453fd0-a12a-45ea-9749-5711b418bdb7	POST	/users	undefined
10/03/2023	16:38:57	f5219a90-fd59-4f1e-b072-ada39702e7af	GET	/users	undefined
10/03/2023	16:40:06	6bdb0193-858c-451f-a4fd-c233046985cf	GET	/users	undefined
10/03/2023	16:40:09	b7c737bc-df40-47d9-9aa3-b165ce62b85a	POST	/users	undefined
10/03/2023	16:40:13	cececc3e-e742-4240-91a7-74b03006c0f1	GET	/users	undefined
10/03/2023	16:53:11	5870481f-36bc-4d2d-8f27-b14659b6bb40	GET	/users	undefined
10/03/2023	16:53:33	ccddae99-71f2-4954-92c2-2f96a1056aef	POST	/users	undefined
10/03/2023	16:53:44	3ca39390-7839-4374-8691-faf71fa3a9ca	GET	/users	undefined
10/03/2023	16:54:29	547139eb-bd09-4888-9b32-1d85705e7aa1	GET	/quiz	undefined
10/03/2023	16:55:19	1557c866-cc12-4f19-934f-703bdb7f82cb	GET	/quiz/	undefined
10/03/2023	16:55:22	ed51b7f4-e4a0-4b73-b8bc-e393774a4150	POST	/quiz/	undefined
10/03/2023	16:57:09	2f040601-a0ae-4661-8dc1-a9599ce34ad8	POST	/quiz/join	undefined
10/03/2023	16:57:23	84f6b08f-5048-4fd1-bdb6-720902443a8e	POST	/quiz/join	undefined
10/03/2023	16:59:05	ea36610e-bb63-4ca5-ba3f-23f38a0dfcb7	POST	/quiz/join	undefined
10/03/2023	19:07:10	9913610d-f989-4ec9-aad8-fb57432c4d3b	POST	/group	undefined
10/03/2023	19:08:11	e0cd8791-0b1e-472e-9d11-bde4702319ac	POST	/group	undefined
10/03/2023	19:11:06	4b1d88d7-3aa2-4257-b386-1c0e124af506	POST	/group	undefined
10/03/2023	19:13:19	f9013036-d645-4719-bf17-dd5788e66020	GET	/users	undefined
10/03/2023	19:13:28	e346d085-65bf-43e9-a83b-59fd9f1a8335	GET	/users	undefined
10/03/2023	19:13:29	0e32f846-42ab-4743-bf10-c7315277643f	GET	/users	undefined
10/03/2023	19:14:28	ea6fbc31-1648-4872-b077-df725d960987	GET	/users	undefined
10/03/2023	19:14:34	f6332118-4856-41f5-b179-e7b6838d20df	POST	/users	undefined
10/03/2023	19:15:28	39c7f778-dd47-4b77-9547-cd73a2dbbdbd	POST	/users	undefined
10/03/2023	19:15:55	0c2f22a1-96d3-42cb-b13e-ec9d586c0492	POST	/group	undefined
10/03/2023	19:16:10	3bdd9678-db9d-41fa-9070-266023d4db71	POST	/group	undefined
10/03/2023	19:17:10	6f73cf3a-fcf9-42aa-9e76-636b48c78db4	POST	/group	undefined
10/03/2023	19:17:29	28c40a0d-2073-4d3d-8614-90601d6a5c5a	POST	/group	undefined
10/03/2023	19:18:31	4ab7361e-9b99-4a92-b4e6-7c3288e8c559	POST	/group	undefined
10/03/2023	19:20:18	b3ba8bc8-7198-4433-92d8-41f11523bc2d	POST	/group	undefined
10/03/2023	19:25:00	67193d29-a6bf-43af-a3ca-83314241bbea	POST	/group	undefined
10/03/2023	19:26:42	153b8c88-f559-484c-acb7-096fdb1b2898	POST	/group	undefined
10/03/2023	19:27:58	bf23fa7b-12a0-4217-b25e-fc57d595586f	POST	/group	undefined
10/03/2023	19:28:50	92fee807-266b-47c9-a41a-aa790b3d250d	POST	/group/	undefined
10/03/2023	19:28:55	85767bbb-ada4-43e4-873b-a2bece5f6045	GET	/group/	undefined
10/03/2023	19:38:20	59952018-07e3-4d34-91e7-aa4cd25c096c	GET	/quiz	undefined
10/03/2023	19:38:25	aa9f456e-073d-4050-af73-5fa6c38a7d95	POST	/quiz	undefined
10/03/2023	19:38:30	5b7fc1e9-27a4-465c-8ec1-758ea375c216	POST	/group	undefined
10/03/2023	19:39:18	1d6b8b0e-2289-4b66-a95e-94361791b3a9	POST	/group	undefined
10/03/2023	19:39:53	d1f6a6ae-36bf-4b6f-8711-e899e2fa0b01	POST	/group	undefined
10/03/2023	19:40:37	b8f4777c-ea0b-4220-8216-769887e1edb9	POST	/group	undefined
10/03/2023	19:41:02	1c63dc8a-e488-4ecf-b18c-c20b95e2b77e	POST	/group	undefined
10/03/2023	19:41:08	3aeff2ac-b78d-40d3-a0b1-23c8b91b2e75	POST	/group	undefined
10/03/2023	19:42:11	0d9a588e-b69b-4e40-9b00-d2bf13c1e9af	POST	/group	undefined
10/03/2023	19:42:35	dd5418be-0a1d-482b-9eba-6bba8e1f7a21	POST	/group	undefined
10/03/2023	19:43:04	af115ce2-6a39-4cf4-b9af-b44f7e4aa4dd	POST	/group	undefined
10/03/2023	19:45:16	cef0e56f-cfba-434e-b1f5-ad4b80e3cde9	POST	/group	undefined
10/03/2023	19:54:23	0405b91a-2fbe-4710-b3b0-c4a92203c4ee	POST	/group/users	undefined
10/03/2023	19:55:05	6fb27b10-4a9c-4710-bf67-e757fb176435	POST	/group/users	undefined
10/03/2023	19:55:37	e4872665-faaf-41f4-91e0-4e97384fe810	POST	/group/users	undefined
10/03/2023	19:55:42	03e5c946-e6fc-4f96-b83c-bb46563587b8	POST	/group/users	undefined
10/03/2023	19:55:43	92ba2ff1-208a-46df-a3cf-68ee550ae162	POST	/group/users	undefined
10/03/2023	19:56:39	dd874916-ca75-415c-900a-679ae3061341	POST	/group/users	undefined
10/03/2023	19:57:18	0d679d48-1442-4857-afad-22e51f8d4623	POST	/quiz	undefined
10/03/2023	19:59:01	67f9fa29-2dd9-45ad-9ec7-7d7986197305	POST	/group	undefined
10/03/2023	20:00:19	3df1bf49-ca09-4c95-915f-38fe6beb8ee2	POST	/group	undefined
10/03/2023	20:00:25	bb317ec7-457a-46cd-8143-d5b185a7e57b	POST	/group	undefined
10/03/2023	20:01:43	0f16d7f6-9b5e-4494-8282-8786f0230bf5	POST	/group	undefined
10/03/2023	20:06:32	4f00fe56-4fff-4dfd-a193-7d4b195eb8ec	POST	/group	undefined
10/03/2023	20:08:25	1f2b8f29-7e9d-4d50-b84b-35f29f3db574	POST	/group	undefined
10/03/2023	20:08:44	8c0c1eed-b76b-4367-9316-1556e12f4398	POST	/group	undefined
10/03/2023	20:10:22	72dd4064-466c-46c6-b7f1-31057c5a5203	POST	/group/users	undefined
10/03/2023	20:12:05	af94dda0-eb92-4625-945a-d6d6f639587f	POST	/group/users	undefined
10/03/2023	20:13:21	dfc3bfeb-c66e-4347-a115-2aa62dbe9c1b	GET	/users	undefined
10/03/2023	20:14:13	b76870c7-6d7a-4db3-8f4a-5245ee348da0	POST	/group	undefined
10/03/2023	20:14:48	77f18e78-485f-4a58-a9d4-2e86dc79cd94	POST	/group/users	undefined
10/03/2023	20:15:46	078aecdf-373b-4a05-bd99-9fd52f689119	POST	/group/users	undefined
10/03/2023	20:16:03	5a41c532-be28-4357-9291-f5b16df51f60	POST	/group/users	undefined
10/03/2023	20:16:07	d4ceaaf9-b54f-4a99-80e0-e28bdbe07b6e	POST	/group/users	undefined
10/03/2023	20:16:51	19dda1a9-555a-43d5-bb2f-82fd23a7e64f	POST	/group/users	undefined
10/03/2023	20:17:13	e1e04d65-7c09-4622-a9b2-2a12c13cf81f	POST	/group/users	undefined
10/03/2023	20:18:40	8234a59c-14db-4294-995b-599c2da05037	POST	/group/users	undefined
10/03/2023	20:21:11	fa007647-4c03-4e0c-a1b1-72145bf8896f	POST	/group/users	undefined
10/03/2023	20:22:21	f040df22-a625-4979-b8ed-97496f7501cd	POST	/group/users	undefined
10/03/2023	20:22:48	d72dec0d-acfb-4486-a660-1fbae3fd64fd	POST	/group/users	undefined
10/03/2023	20:23:13	3489fdaf-30b3-4dcc-898d-5da27bc4e019	POST	/group/users	undefined
10/03/2023	20:23:21	15f62d5a-3b2d-46c6-8aa8-3140c4feb9f6	POST	/group/users	undefined
10/03/2023	20:26:24	6a749d17-e1bc-4a9f-93e9-acec26213119	POST	/users	undefined
10/03/2023	20:27:30	6a05460b-3b7a-4ac0-bd6f-2f5fe004e2c5	POST	/users	undefined
10/03/2023	20:28:11	4350d470-5a6d-4c5e-bd03-de12739191b1	POST	/users/join	undefined
10/03/2023	20:31:28	69888059-8bd5-455d-ac79-c44b7e4ec54d	POST	/group/users	undefined
10/03/2023	20:32:00	37f21dc3-7461-4840-aee9-527de61c464e	POST	/group/users	undefined
10/03/2023	20:32:04	064d9870-2271-4574-9c29-23c6231244e7	POST	/group/users	undefined
10/03/2023	20:34:32	db0e8854-2dc7-454f-a0b4-067cbe3526d7	POST	/group/users	undefined
10/03/2023	20:41:58	88f11d5f-904a-4e6e-a04f-4261422573c4	POST	/group/users	undefined
10/03/2023	20:42:54	ce568e7e-a4d9-4244-88d3-08a1b5f4d10c	POST	/group/users	undefined
10/03/2023	20:43:08	4470d9cd-eb69-4ab2-85a1-37d5e32abe07	POST	/users/join	undefined
10/03/2023	20:43:13	25d04578-21ab-43ff-8554-dbb55515bda2	POST	/users/join	undefined
10/03/2023	20:43:14	16d41cef-ffb5-4009-9704-a6c5f1808917	POST	/users/join	undefined
10/03/2023	20:43:21	1468c938-1510-4414-959e-b88595c6796c	POST	/group/users	undefined
10/03/2023	20:43:24	9b0f84ac-0a91-4eab-8f0d-1242ea7270d6	POST	/group/users	undefined
10/03/2023	20:44:57	196296a5-bb88-442f-9fa4-5c6d1eaff078	POST	/group	undefined
10/03/2023	20:53:41	50d5e4f6-cf24-4a62-9610-01c20fc8ff3b	POST	/group/users	undefined
10/03/2023	20:54:00	f987347b-a0a7-4784-8616-8198be9c5fef	POST	/group/users	undefined
10/03/2023	21:03:12	be8a0b65-a2e9-4a20-9fc8-1f56dbe4b7bb	POST	/group/users	undefined
10/03/2023	21:05:10	9d165ddc-944f-48ba-bf8b-a3630b8f1876	POST	/group/users	undefined
10/03/2023	21:07:53	6541d78c-a6fd-4160-b146-5d1be2e20cb9	POST	/group/users	undefined
10/03/2023	21:11:36	aa1afe58-a5aa-4681-a614-ecc92b03ffe3	POST	/group/users	undefined
10/03/2023	21:11:58	02719e8e-4174-43ec-ba5f-4f2060312d67	POST	/group/users	undefined
10/03/2023	21:12:49	a3ade4b0-385a-4aa4-b66c-1cb5dd05be8c	POST	/group/users	undefined
10/03/2023	21:13:59	1d6c29dc-372e-460b-a95b-d6610040fc55	POST	/group/users	undefined
10/03/2023	21:14:32	5d5bd963-ca1a-4fdb-a5fe-2d741d6c2fc4	POST	/group/users	undefined
10/03/2023	21:14:55	2e41895f-8d19-4dcf-94a0-6b7858010883	POST	/group/users	undefined
10/03/2023	21:15:04	9f86979e-8eb4-4061-bb49-12868793d859	POST	/group/users	undefined
10/03/2023	21:15:19	15b72f34-c8cc-445c-b165-62f3fa1394d9	POST	/group/users	undefined
10/03/2023	21:15:56	5943e090-f46d-4368-92c9-8d55e14ae6ea	POST	/group/users	undefined
10/03/2023	21:16:32	9a9b7e0d-1a1c-4d42-a9d6-618af5eb014a	POST	/group/users	undefined
10/03/2023	21:16:49	9ad2165d-20bf-465d-8792-a2e62cae8ec0	POST	/group/users	undefined
10/03/2023	21:17:21	ce09f519-0fe5-4b77-9ed0-ea69f798a66b	POST	/group/users	undefined
10/03/2023	21:17:22	2218b93d-0c25-4699-9c06-3157fd255e56	POST	/group/users	undefined
10/03/2023	21:17:22	aca347f9-dc42-497b-aa9d-3119dd91119b	POST	/group/users	undefined
10/03/2023	21:20:08	dc69291c-88c2-4c86-98a7-ab8776e413de	POST	/group/users	undefined
10/03/2023	21:21:01	05d335d6-96f8-4ffe-8de4-fea7545cedf6	POST	/group/users	undefined
10/03/2023	21:24:19	113db1e6-8cae-4ceb-8270-d90ebc8e56a3	POST	/group/users	undefined
10/03/2023	21:26:10	244b8dcb-77a0-4883-9843-d5905c5975db	POST	/group/users	undefined
10/03/2023	21:27:07	7c0c1440-165c-43a7-8b66-78e8b3f1ee06	POST	/group/users	undefined
10/03/2023	21:29:05	4fec6bda-1f21-470f-b8c1-d39f8247c7bd	POST	/group/users	undefined
10/03/2023	21:29:59	07877c41-c0ee-4022-ac48-1b47210b7aa8	POST	/group/users	undefined
10/03/2023	21:30:11	e04a944a-92fe-4b1d-9827-fd287e5600a6	POST	/group/users	undefined
10/03/2023	21:30:41	485610ac-3289-4708-8653-5dd1bc91efc4	POST	/group/users	undefined
10/03/2023	22:24:02	7b30a80c-8011-49a9-ad0f-a4c32a3f44a7	POST	/quiz/640b13a26dcbb2fb19de1a05	undefined
10/03/2023	22:24:40	b5d70a78-7ec2-4ef7-8925-e434d13ad8f4	POST	/quiz/640b13a26dcbb2fb19de1a05/	undefined
10/03/2023	22:25:07	93cee259-7165-4072-9d96-14e108770c6f	POST	/quiz/640b13a26dcbb2fb19de1a05/	undefined
10/03/2023	22:25:13	02a30086-6e13-4d8c-b146-39f12f488135	POST	/quiz/640b13a26dcbb2fb19de1a05	undefined
10/03/2023	22:26:02	7b9f2467-c796-42db-9ffd-33409661e17f	POST	/quiz/640b13a26dcbb2fb19de1a05	undefined
10/03/2023	22:26:21	8bb23f33-165a-4628-bef7-aa9f2de6c75a	POST	/quiz/640b13a26dcbb2fb19de1a05	undefined
10/03/2023	22:26:57	9e5e6885-78ea-42d7-8662-658a61545b21	POST	/quiz/640b13a26dcbb2fb19de1a05	undefined
10/03/2023	22:29:33	6fba5d01-770f-4a64-9f29-23213b150fe9	POST	/640b13a26dcbb2fb19de1a05	undefined
10/03/2023	22:32:45	ef27a2f0-c602-4e7d-a1d6-276d5a639def	POST	/quiz/640b13a26dcbb2fb19de1a05	undefined
10/03/2023	22:34:09	14f13869-75e8-47d2-b9dc-94e3c4fe2b3c	POST	/quiz/640b13a26dcbb2fb19de1a05	undefined
10/03/2023	22:34:40	8ac2691e-27cc-44a4-a1bb-8d2eb27782ea	POST	/quiz/640b13a26dcbb2fb19de1a05	undefined
10/03/2023	22:37:42	aedd5fc8-5595-4200-8351-dacba02bf8e0	POST	/quiz/640b13a26dcbb2fb19de1a05	undefined
10/03/2023	22:38:17	fbfd4e02-1b53-4708-82c9-4e52bedefe91	POST	/quiz/640b13a26dcbb2fb19de1a05	undefined
10/03/2023	22:38:30	529b94ad-8289-4d19-a74d-6a72afe2e139	POST	/quiz/640b13a26dcbb2fb19de1a05	undefined
10/03/2023	22:41:48	9dabf05f-7ee7-4836-871f-2a775da701e2	POST	/quiz/640b13a26dcbb2fb19de1a05	undefined
10/03/2023	22:43:23	fdd30a4c-afc6-4914-bfc6-3dfb43e7bb74	POST	/quiz/640b13a26dcbb2fb19de1a05	undefined
10/03/2023	22:48:44	7970f96e-58a8-4c81-a519-99e7575bcfa9	POST	/quiz/640b13a26dcbb2fb19de1a05	undefined
10/03/2023	22:48:59	fc8a97e2-5206-45a2-9ea8-c06efa453ccf	POST	/quiz/640b13a26dcbb2fb19de1a05	undefined
10/03/2023	22:50:51	8f526824-d0ef-4ad2-8f66-2ca0100e2de4	POST	/quiz/640b13a26dcbb2fb19de1a05	undefined
10/03/2023	22:52:19	22088faa-388f-4157-b2de-9957f600bca6	POST	/quiz/640b13a26dcbb2fb19de1a05	undefined
10/03/2023	23:09:45	123b11c1-bf47-4c93-bccf-7afefda0fc8a	GET	/quiz/640b13a26dcbb2fb19de1a05	undefined
10/03/2023	23:12:39	244a3611-7d0c-47d0-bf8c-6f60a4c2d769	GET	/quiz/640b13a26dcbb2fb19de1a05	undefined
10/03/2023	23:13:18	15bab9cb-2991-492c-badf-7adbac3290a1	GET	/quiz/640b13a26dcbb2fb19de1a05	undefined
10/03/2023	23:13:37	22eefa5d-dd6a-4f9f-a3ee-31726b73bc86	GET	/quiz/640b13a26dcbb2fb19de1a05	undefined
10/03/2023	23:14:02	4efcc60a-8e57-4e87-92a4-8467a5439697	GET	/quiz/640b13a26dcbb2fb19de1a05	undefined
10/03/2023	23:16:24	aeb6e5f6-2b4c-4233-82b9-fae2c5c3923e	GET	/quiz/640b13a26dcbb2fb19de1a05	undefined
10/03/2023	23:16:44	275b5fa7-0f6b-46e1-89bd-61f222def8c3	GET	/quiz/640b13a26dcbb2fb19de1a05	undefined
10/03/2023	23:17:04	ae892647-09d5-491b-b5d1-84c6f59af12b	GET	/quiz/640b13a26dcbb2fb19de1a05	undefined
10/03/2023	23:19:29	e64ea687-0d90-406a-90a3-482d28d3e5d8	GET	/quiz/640b13a26dcbb2fb19de1a05	undefined
10/03/2023	23:19:48	291533f2-4332-4a72-847f-246a8be7a1e1	GET	/quiz/640b13a26dcbb2fb19de1a05	undefined
10/03/2023	23:22:20	d66e9121-4c6e-4d13-b66e-24b4dd303294	GET	/groups/users	undefined
10/03/2023	23:22:26	9418697e-4a45-4830-b3d8-f42c205e6972	GET	/group/users	undefined
10/03/2023	23:22:48	6b2e3beb-e7de-4f22-b749-877f2cdc80b3	GET	/groups/users	undefined
10/03/2023	23:22:55	96c63b4f-ada9-4fac-9e18-4f6fd280c7fb	GET	/groups/users/	undefined
10/03/2023	23:23:11	64f9fd57-05ff-477e-a223-d93e1d8dc4e4	POST	/groups/users	undefined
10/03/2023	23:24:56	ca79d1ad-6b08-42e9-9cd6-ced6ae41007c	POST	/groups/users	undefined
10/03/2023	23:24:56	f9cbb84a-eff7-4b4d-aa2d-d7ba86afc333	POST	/groups/users	undefined
11/03/2023	14:45:48	7c13c474-6643-4675-9833-dda00df9aa60	GET	/	undefined
11/03/2023	14:45:48	ba1a8565-e5d7-4e47-9360-82381634c6fb	GET	/favicon.ico	undefined
11/03/2023	14:45:50	9b35fc59-bbbe-4c18-b11e-6351460619d0	GET	/auth/google	undefined
11/03/2023	14:47:03	9db2baac-c2b1-4519-a622-6c9a47a1651f	GET	/auth/google	undefined
11/03/2023	14:47:06	307b72d8-eae7-42a0-952b-57b223a4addd	GET	/auth/google/redirect?code=4%2F0AWtgzh59AuuzqoB7Fc2nOuP1b4CTIAMd977oaE_ExOftoAxAHvtJECYI6PKiPcvOPtKxvw&scope=profile+https%3A%2F%2Fwww.googleapis.com%2Fauth%2Fuserinfo.profile	undefined
11/03/2023	14:47:46	b7f7990b-4bc6-4a82-ab75-050ccf416f71	GET	/	undefined
11/03/2023	14:47:46	b4936c81-67f3-40e5-98b3-fc58c7fb89b6	GET	/	undefined
11/03/2023	14:47:46	e16e1f0a-2d32-4250-a0bf-4e5fc07f2ab0	GET	/	undefined
11/03/2023	14:47:46	a86dfd61-2c51-4873-b4f3-10903372008a	GET	/	undefined
11/03/2023	14:47:47	821f7a11-4aed-42a6-8f79-c4043f3b1d11	GET	/auth/google	undefined
11/03/2023	14:47:51	3d3cb7db-64c4-47b9-b1c4-a06638be401c	GET	/auth/google/redirect?code=4%2F0AWtgzh6cnVV133rZ8QuRLstMqDg2H8kVfkl2alh2-XyL6Ad9NBE91vYOrvqbhrNZOdqhQA&scope=profile+https%3A%2F%2Fwww.googleapis.com%2Fauth%2Fuserinfo.profile	undefined
11/03/2023	14:51:32	7d75eec0-6a20-435d-8ccc-819cea649dce	GET	/auth/google/redirect?code=4%2F0AWtgzh6cnVV133rZ8QuRLstMqDg2H8kVfkl2alh2-XyL6Ad9NBE91vYOrvqbhrNZOdqhQA&scope=profile+https%3A%2F%2Fwww.googleapis.com%2Fauth%2Fuserinfo.profile	undefined
11/03/2023	14:51:35	57307d8e-ab2d-4f2b-972d-7321593feb0b	GET	/auth/google	undefined
11/03/2023	14:51:48	1240c6d4-f2bb-44ee-bd07-3a5a6cb24eff	GET	/auth/google/redirect?code=4%2F0AWtgzh4ho_QInt-z6EUfa1Fu3nFx_HvhPBkMqBNdmlfsNlgHUul-gVPlxC_Cwi0jorGgZw&scope=profile+https%3A%2F%2Fwww.googleapis.com%2Fauth%2Fuserinfo.profile	undefined
11/03/2023	14:52:25	bca9bf03-29da-49f7-893a-eb38bb01ded4	GET	/auth/google	undefined
11/03/2023	14:52:27	0f333bd0-22c1-4baa-b211-499efa5280b5	GET	/auth/google/redirect?code=4%2F0AWtgzh4Y5eeQCaiUDWtJfezwPxykTCTMIIsrzheqTjHAP4FLbSQMXEGvyG74OqhnAko6Iw&scope=profile+https%3A%2F%2Fwww.googleapis.com%2Fauth%2Fuserinfo.profile	undefined
11/03/2023	14:54:14	9ff02f1e-a687-43f8-88fa-0b7c56081eb4	GET	/	undefined
11/03/2023	14:54:16	08946a6b-08e7-4adc-8783-27aa8101b1dd	GET	/auth/google	undefined
11/03/2023	14:54:18	48c61987-4547-4ebc-82d9-deb7a04747af	GET	/auth/google/redirect?code=4%2F0AWtgzh6qZ60BMWR6-sOXN8e2sDy5czxcJzjFVPTdDFXpoa2OvfNWN7USnlT-rWLwh_ZHKg&scope=profile+https%3A%2F%2Fwww.googleapis.com%2Fauth%2Fuserinfo.profile	undefined
11/03/2023	14:57:41	7ca3778e-bcb6-401c-89fc-5a72d903d08a	GET	/	undefined
11/03/2023	14:57:43	d5f884f6-e4bc-443d-8044-0ac4a572eab3	GET	/auth/google	undefined
11/03/2023	14:57:45	65596597-b127-4bf3-807c-1a37e1fcde3b	GET	/auth/google/redirect?code=4%2F0AWtgzh5AdsVACuVBUJEMCJ1G8EbDiku-s9TsgFU5YOLHp-aEXX7dFLMxUcFVX0w4vEXsjg&scope=profile+https%3A%2F%2Fwww.googleapis.com%2Fauth%2Fuserinfo.profile	undefined
11/03/2023	14:59:41	b01dac1c-e0e2-4a90-aec8-aeb97bf40cb0	GET	/	undefined
11/03/2023	14:59:43	b6cd7cbf-0bd5-4974-bf37-053326cf288d	GET	/auth/google	undefined
11/03/2023	14:59:46	755a8985-2079-4b50-b85d-f6ee22e0bd11	GET	/auth/google/redirect?code=4%2F0AWtgzh4cDomDm3oCpFUMD1Qyd6eTVgDXtQB4tlqk0FNSqKgxyh6TelNBub7FXBuMyz_7Kw&scope=profile+https%3A%2F%2Fwww.googleapis.com%2Fauth%2Fuserinfo.profile	undefined
11/03/2023	15:12:17	050eaa2f-eb9b-4ca9-85e3-73a6291d3b51	GET	/	undefined
11/03/2023	15:12:19	750b2264-50bc-4f0e-a68d-d38cc3e371b9	GET	/auth/google	undefined
11/03/2023	15:12:22	00e41b07-cf19-499f-bcb5-f6e881f1e529	GET	/auth/google/redirect?code=4%2F0AWtgzh65P39nqUx31yIxED4wL1cZFIB0LOAeY1mJlLiqCSkAI-5yieTMYcK6MkGvG7FMJg&scope=profile+https%3A%2F%2Fwww.googleapis.com%2Fauth%2Fuserinfo.profile	undefined
11/03/2023	15:15:09	91f58a71-d4c6-4893-a137-1d1bf3431bfe	GET	/	undefined
11/03/2023	15:15:11	80f80159-2a4b-42d6-b564-31ec068910aa	GET	/auth/google	undefined
11/03/2023	15:15:14	3b79271a-e1a6-49ae-b27c-178d26a74b10	GET	/auth/google/redirect?code=4%2F0AWtgzh4Y7Co6EKMNJW9bWYLzyNoGpQUrpsj0Fxbq4f6gFfLsRAVBSldJzNytMYuYkxWSzg&scope=profile+https%3A%2F%2Fwww.googleapis.com%2Fauth%2Fuserinfo.profile	undefined
11/03/2023	15:29:34	8e505283-b5a1-419c-8e26-bd3b8ce8ed38	GET	/	undefined
11/03/2023	15:29:35	d4553c41-f97b-48bc-849c-30d508522534	GET	/auth/google	undefined
11/03/2023	15:29:38	10cfe2f4-59d6-47a3-8b3b-b36a64f25c87	GET	/auth/google/redirect?code=4%2F0AWtgzh5XC86APDtqBHFSy8NXgTy3_nKQbX0-KG7BrwygG0Hi5essTYmUUtNH4rDaVUiGyw&scope=profile+https%3A%2F%2Fwww.googleapis.com%2Fauth%2Fuserinfo.profile	undefined
11/03/2023	15:31:44	1a180569-f863-49c2-9bc5-06b41197acd2	GET	/	undefined
11/03/2023	15:31:46	405c8462-9f6a-4cc5-96eb-90b7b29c7b31	GET	/auth/google	undefined
11/03/2023	15:31:49	845cb321-9b66-447c-83f0-1b35ac9a8534	GET	/auth/google/redirect?code=4%2F0AWtgzh7XoCX7pT0y_xsaYhSFIYtn_RoSO_gpw-9_R67NjOzHnhAMY_n8wfoYW49GFRk2Iw&scope=profile+https%3A%2F%2Fwww.googleapis.com%2Fauth%2Fuserinfo.profile	undefined
11/03/2023	20:38:05	1c7255c4-4cdd-400d-a7f0-ccb7363e2730	GET	/	undefined
11/03/2023	20:38:06	dad040b1-51ed-4ba3-8ad8-e001b1286e75	GET	/favicon.ico	undefined
11/03/2023	20:38:08	ade96e15-2c11-4abb-a0ad-e3c865235105	GET	/auth/google	undefined
11/03/2023	20:38:11	84e4b33b-3b02-4f9f-a577-62bd6153f798	GET	/auth/google/redirect?code=4%2F0AWtgzh42PQni8_3bMFtPq00PznodjGtLLyRaJbNPlNW86aCJXFjsdSZfq5GnqTEIRxenmw&scope=profile+https%3A%2F%2Fwww.googleapis.com%2Fauth%2Fuserinfo.profile	undefined
11/03/2023	20:38:21	2507460f-871c-44c2-ace5-bb24099b37be	GET	/auth/google/redirect?code=4%2F0AWtgzh42PQni8_3bMFtPq00PznodjGtLLyRaJbNPlNW86aCJXFjsdSZfq5GnqTEIRxenmw&scope=profile+https%3A%2F%2Fwww.googleapis.com%2Fauth%2Fuserinfo.profile	undefined
11/03/2023	20:38:50	43b033a0-0652-41ba-9fce-ad837117720d	GET	/auth/google/redirect?code=4%2F0AWtgzh42PQni8_3bMFtPq00PznodjGtLLyRaJbNPlNW86aCJXFjsdSZfq5GnqTEIRxenmw&scope=profile+https%3A%2F%2Fwww.googleapis.com%2Fauth%2Fuserinfo.profile	undefined
11/03/2023	20:38:57	ecdc4640-586b-4797-ab48-2ffe5f65eaa0	GET	/auth/google	undefined
11/03/2023	20:39:01	238a6b9c-24c4-4fc0-92d8-7020a7dcf818	GET	/auth/google/redirect?code=4%2F0AWtgzh4VqmoE1DscDssHSUvL-8oru1GsJm23cHYs4fET9q8ExVpd9nepheNjkK4zZYWiKw&scope=profile+https%3A%2F%2Fwww.googleapis.com%2Fauth%2Fuserinfo.profile	undefined
11/03/2023	20:40:45	42d2d5af-d9dd-4751-ab2e-6ae578836df0	GET	/auth/google/redirect?code=4%2F0AWtgzh4VqmoE1DscDssHSUvL-8oru1GsJm23cHYs4fET9q8ExVpd9nepheNjkK4zZYWiKw&scope=profile+https%3A%2F%2Fwww.googleapis.com%2Fauth%2Fuserinfo.profile	undefined
11/03/2023	20:40:52	bd51c61d-ef82-46c1-b219-21da196f906c	GET	/	undefined
11/03/2023	20:40:53	d1c3e7a0-4c3d-49be-9bcb-afc9462ece3e	GET	/auth/google	undefined
11/03/2023	20:41:00	c1650d83-0b81-448c-8958-63be9366d11f	GET	/auth/google/redirect?code=4%2F0AWtgzh5YiBPhnSAu-2LiNNFVczVm0JTxnYVdG51wQ64F7sMfw6tn5UhmJRi3yLmvUpdK7Q&scope=profile+https%3A%2F%2Fwww.googleapis.com%2Fauth%2Fuserinfo.profile	undefined
11/03/2023	20:41:07	9d529718-854e-48ea-8265-d2aba9481b44	GET	/auth/google/redirect?code=4%2F0AWtgzh5YiBPhnSAu-2LiNNFVczVm0JTxnYVdG51wQ64F7sMfw6tn5UhmJRi3yLmvUpdK7Q&scope=profile+https%3A%2F%2Fwww.googleapis.com%2Fauth%2Fuserinfo.profile	undefined
11/03/2023	20:41:44	5302e338-2bf0-4b7e-837d-db9723fccfd0	GET	/auth/google/redirect?code=4%2F0AWtgzh79jhp2fwmXbGeyJaCdwNzJM_2xUgkbHaZdvhWwBespLQXlN27M9WNKvFZzNXkNpQ&scope=profile+https%3A%2F%2Fwww.googleapis.com%2Fauth%2Fuserinfo.profile	undefined
11/03/2023	20:42:08	23e9aad1-ab19-4af4-b09c-e55f528f9cb8	GET	/auth/google/redirect?code=4%2F0AWtgzh6aOFzvyl-eGVA71F_eDC0EJjqBYPVW36kp4Iak9CI1z1qlvszviESBCQu2Y3kSZQ&scope=profile+https%3A%2F%2Fwww.googleapis.com%2Fauth%2Fuserinfo.profile	undefined
11/03/2023	20:44:58	67dd0e07-f300-4279-81c0-3b9c27c2af65	GET	/auth/google/redirect?code=4%2F0AWtgzh6Jqcd3WXYtnoMgnB7eNBP9Bl5OgYs_2-vfG31Y5FoIA0cSaG3ndnTASjAWY_tf6g&scope=profile+https%3A%2F%2Fwww.googleapis.com%2Fauth%2Fuserinfo.profile	undefined
11/03/2023	20:53:20	a9f6a874-07e5-4773-b9cd-152251563ab0	GET	/	undefined
11/03/2023	20:53:22	f4f72df1-9cc4-453a-96a7-ce25941229c6	GET	/auth/google	undefined
11/03/2023	20:53:24	ae09d105-37af-4fd6-9167-6d4d1c143322	GET	/auth/google/redirect?code=4%2F0AWtgzh5ySQ1GuTHz_X6-KTar8As86XqYEEBQSgy8j0-WU1eFTRknHuTeMEqiruuRWVH6BQ&scope=profile+https%3A%2F%2Fwww.googleapis.com%2Fauth%2Fuserinfo.profile	undefined
11/03/2023	20:55:14	e5bfbb12-f5e2-48e5-ac8c-0bfa5627211c	GET	/auth/google	undefined
11/03/2023	20:55:16	611bcf58-e988-4557-a3c3-fd32624a172c	GET	/auth/google/redirect?code=4%2F0AWtgzh7GwO8vRGqbltRlKwk6lpD4InV22-hgbEWsDYzafdcNyU_F-c9lKMKrOsGBwhbudQ&scope=profile+https%3A%2F%2Fwww.googleapis.com%2Fauth%2Fuserinfo.profile	undefined
11/03/2023	20:57:49	e941a034-be04-452b-b23d-bef6dbe1146d	GET	/auth/google/redirect?code=4%2F0AWtgzh4yrpMKTFHHNfU-WdcPKTn_e7RT_-i9KmGjKOmgfaTTtK9-vwCiWvteIR-FBGeieA&scope=profile+https%3A%2F%2Fwww.googleapis.com%2Fauth%2Fuserinfo.profile	undefined
11/03/2023	20:58:11	dd6e55b3-a09a-4636-bd04-eae9f0db1c9b	GET	/auth/google/redirect?code=4%2F0AWtgzh72q8ePHSRKZy3U1mUWhy77w8uOwlL9oT3a2IA0w86j_Ff0errgHtFWZtl2EhEjag&scope=profile+https%3A%2F%2Fwww.googleapis.com%2Fauth%2Fuserinfo.profile	undefined
11/03/2023	20:58:19	ac7eb1f6-ed14-486b-8162-24ac87180bae	GET	/auth/google	undefined
11/03/2023	20:58:22	731581ed-7d7c-416a-98c2-f68029ac00e4	GET	/auth/google/redirect?code=4/0AWtgzh4_ffyQPBnYlJQwhQemI8ursdhRC9L98jFjHFOljrkeVf4ItgpyfszPQ01Y-4KXiA&scope=profile%20https://www.googleapis.com/auth/userinfo.profile	undefined
11/03/2023	21:01:10	341d599f-f3e8-432d-97d6-a1d57e07daeb	GET	/auth/google/redirect?code=4%2F0AWtgzh7zpcmNTMMspqgHX7Piozu_ijOlYv50qWyu16Yf386xiMUbwiTc94xsuCI4kWoAYQ&scope=profile+https%3A%2F%2Fwww.googleapis.com%2Fauth%2Fuserinfo.profile	undefined
11/03/2023	21:01:49	b35cf2d1-8a2d-49af-a607-ee9ef67e0aa7	GET	/auth/google	undefined
11/03/2023	21:01:52	cf6fae83-0ea6-4432-abb0-80344b69b550	GET	/auth/google/redirect?code=4%2F0AWtgzh5XBmzq7VDkq1owWapVHcbBM-0ukLt-K6hXuD5-y0XRGz-NSgON7H97bbsbMARVIQ&scope=profile+https%3A%2F%2Fwww.googleapis.com%2Fauth%2Fuserinfo.profile	undefined
11/03/2023	21:06:59	49d42e5b-eec9-482c-b670-cd8a8d5e285e	GET	/auth/google/redirect?code=4%2F0AWtgzh5XBmzq7VDkq1owWapVHcbBM-0ukLt-K6hXuD5-y0XRGz-NSgON7H97bbsbMARVIQ&scope=profile+https%3A%2F%2Fwww.googleapis.com%2Fauth%2Fuserinfo.profile	undefined
11/03/2023	21:07:06	31438530-d469-4cb8-a11c-f45c301f52f5	GET	/	undefined
11/03/2023	21:07:07	f2d1969d-b3c7-4bf0-ae32-f6d5f9c8de50	GET	/auth/google	undefined
11/03/2023	21:07:10	d0d12116-54a9-46d8-966c-cf42ee69396f	GET	/auth/google/redirect?code=4%2F0AWtgzh6kSMD9k1nBRnfdGSUH4XtlaCARdXu5Tv0kmXA_OTXLmbZdL30FqzywHH1XCLM6ug&scope=profile+https%3A%2F%2Fwww.googleapis.com%2Fauth%2Fuserinfo.profile	undefined
11/03/2023	21:07:53	1599a367-ff18-4dde-88a6-b3a17188d830	GET	/auth/google/redirect?code=4%2F0AWtgzh6kSMD9k1nBRnfdGSUH4XtlaCARdXu5Tv0kmXA_OTXLmbZdL30FqzywHH1XCLM6ug&scope=profile+https%3A%2F%2Fwww.googleapis.com%2Fauth%2Fuserinfo.profile	undefined
11/03/2023	22:00:21	303a42c9-c06b-437e-b012-3e213c8fa8ab	GET	/	undefined
11/03/2023	22:00:22	efe2ecf1-6a4a-4b73-a00e-a2b1848aca12	GET	/auth/google	undefined
11/03/2023	22:00:25	10bf4117-d44b-4378-981a-97d9366f317e	GET	/auth/google/redirect?code=4%2F0AWtgzh46BWDnEwUvHpjGeBXHFpSmx5__f2B5mPfM8garmicbgeooaP-KP26VeozPSDfZRQ&scope=profile+https%3A%2F%2Fwww.googleapis.com%2Fauth%2Fuserinfo.profile	undefined
11/03/2023	22:00:39	98acdc3e-95d5-424c-be60-5fd895685f53	GET	/auth/google/redirect?code=4/0AWtgzh5s6YwxGheXxYnX6yxK6E9bXabKM23ilLIzhoo4L-PZR-5SKpd661pPqjy7etixAg&scope=profile%20https://www.googleapis.com/auth/userinfo.profile	undefined
11/03/2023	22:07:21	357afaff-b6d1-4586-bbfc-131848620de4	GET	/	undefined
11/03/2023	22:07:31	f7ce124a-6cd4-480a-a3d2-66aca50e9a16	GET	/auth/google	undefined
11/03/2023	22:07:50	6672ed23-79fa-48c2-86aa-6d38a67a9fc6	GET	/auth/google/redirect	undefined
11/03/2023	22:07:54	284edc15-5700-492e-92a2-56771ff23def	GET	/auth/google/redirect	undefined
11/03/2023	22:07:59	3aa35ade-80e1-413f-8fec-b2c3a0e36441	POST	/auth/google/redirect	undefined
